<dashboard>
    <layout>
        <hbox width="100%" height="100%" style="spacing: 20px;">
            <vsplitter width="100%" height="100%">
                <hsplitter width="100%" height="70%">
                    <portlet width="50%" height="100%" type="chart-bar" title="DR 2.1 - Completed Visits">
                        <data>
                            <source database="ClintexPrimaryData"
                                    table="ICP 1 Data - Patient Visits"
                                    transform="group-by('Investigator Site')"
                                    axisX="Investigator Site"
                                    axisY="Number Completed Visits"
                                    markerFunction="static-y(60)"
                                    markerBehind="true"
                                    colorCalculator="threshold:60" />
                        </data>
                    </portlet>
                    <portlet width="50%" height="100%" type="chart-bar" title="DR 2.2 - Actual vs Completed Visits">
                        <data>
                            <source database="ClintexPrimaryData"
                                    table="ICP 1 Data - Patient Visits"
                                    transform="group-by('Investigator Site')"
                                    axisX="Investigator Site"
                                    axisY="Expected Number of Visits,Actual Number of Visits"
                                    markerFunction="delta-y(0, 1)" />
                        </data>
                    </portlet>
                </hsplitter>

                <portlet width="100%" height="30%" type="table">
                        <data>
                            <source database="ClintexPrimaryData"
                                    table="ICP 1 Data - Patient Visits" />
                        </data>
                </portlet>
            </vsplitter>    
        </hbox>
    </layout>
</dashboard>
