<vbox width="100%" height="100%" style="spacing: 20px;">
</vbox>