<dashboard>
    <layout>
        <hbox width="100%" height="100%" style="spacing: 20px;">
            <vsplitter width="100%" height="100%">
                <hsplitter width="100%" height="70%">
                    <portlet width="100%" height="100%" type="chart-scatter" title="DR 2.3 - Completed Visits">
                        <data>
                            <source database="ClintexPrimaryData"
                                    table="ICP 1 Data - Patient Visits"
                                    transform="group-by('Investigator Site')->average('Number Completed Visits')->average('Data Entry Lag (Days)')->average('Expected Number of Visits')->average('Actual Number of Visits')"
                                    axisX="Investigator Site"
                                    axisY="Data Entry Lag (Days)"
                                    size="Number Completed Visits"
                                    markerFunction="static-y(16)"
                                    markerBehind="true"
                                    colorCalculator="threshold:16" />
                        </data>
                    </portlet>
                </hsplitter>

                <portlet width="100%" height="30%" type="table">
                        <data>
                            <source database="ClintexPrimaryData"
                                    table="ICP 1 Data - Patient Visits" />
                        </data>
                </portlet>
            </vsplitter>    
        </hbox>
    </layout>
</dashboard>
